#
# There is insufficient memory for the Java Runtime Environment to continue.
# Native memory allocation (malloc) failed to allocate 32744 bytes for ChunkPool::allocate
# Possible reasons:
#   The system is out of physical RAM or swap space
#   In 32 bit mode, the process size limit was hit
# Possible solutions:
#   Reduce memory load on the system
#   Increase physical memory or swap space
#   Check if swap backing store is full
#   Use 64 bit Java on a 64 bit OS
#   Decrease Java heap size (-Xmx/-Xms)
#   Decrease number of Java threads
#   Decrease Java thread stack sizes (-Xss)
#   Set larger code cache with -XX:ReservedCodeCacheSize=
# This output file may be truncated or incomplete.
#
#  Out of Memory Error (allocation.cpp:273), pid=35576, tid=0x0000000000007570
#
# JRE version: Java(TM) SE Runtime Environment (8.0_144-b01) (build 1.8.0_144-b01)
# Java VM: Java HotSpot(TM) 64-Bit Server VM (25.144-b01 mixed mode windows-amd64 compressed oops)
# Failed to write core dump. Minidumps are not enabled by default on client versions of Windows
#

---------------  T H R E A D  ---------------

Current thread (0x0000000017457800):  JavaThread "C2 CompilerThread1" daemon [_thread_in_native, id=30064, stack(0x0000000018bb0000,0x0000000018cb0000)]

Stack: [0x0000000018bb0000,0x0000000018cb0000]
[error occurred during error reporting (printing stack bounds), id 0xc0000005]

Native frames: (J=compiled Java code, j=interpreted, Vv=VM code, C=native code)


Current CompileTask:
C2:  18315 1591       4       com.google.gson.stream.JsonWriter::string (169 bytes)


---------------  P R O C E S S  ---------------

Java Threads: ( => current thread )
  0x0000000019856800 JavaThread "Exec Stream Pumper" daemon [_thread_in_native, id=41424, stack(0x000000001a6f0000,0x000000001a7f0000)]
  0x00000000199f9800 JavaThread "Exec Stream Pumper" daemon [_thread_in_native, id=41420, stack(0x000000001a5f0000,0x000000001a6f0000)]
  0x00000000199f8800 JavaThread "Exec Default Executor" daemon [_thread_in_native, id=35172, stack(0x000000001a3f0000,0x000000001a4f0000)]
  0x000000001920b000 JavaThread "ReaderThread" [_thread_in_native, id=31188, stack(0x00000000193b0000,0x00000000194b0000)]
  0x00000000174a5000 JavaThread "Service Thread" daemon [_thread_blocked, id=1096, stack(0x0000000018db0000,0x0000000018eb0000)]
  0x000000001746a800 JavaThread "C1 CompilerThread2" daemon [_thread_blocked, id=30592, stack(0x0000000018cb0000,0x0000000018db0000)]
=>0x0000000017457800 JavaThread "C2 CompilerThread1" daemon [_thread_in_native, id=30064, stack(0x0000000018bb0000,0x0000000018cb0000)]
  0x0000000017451800 JavaThread "C2 CompilerThread0" daemon [_thread_blocked, id=32868, stack(0x0000000018ab0000,0x0000000018bb0000)]
  0x000000001744e000 JavaThread "Attach Listener" daemon [_thread_blocked, id=4380, stack(0x00000000189b0000,0x0000000018ab0000)]
  0x000000001744c800 JavaThread "Signal Dispatcher" daemon [_thread_blocked, id=16308, stack(0x00000000188b0000,0x00000000189b0000)]
  0x000000000290e000 JavaThread "Finalizer" daemon [_thread_blocked, id=27608, stack(0x00000000186a0000,0x00000000187a0000)]
  0x0000000002903000 JavaThread "Reference Handler" daemon [_thread_blocked, id=35312, stack(0x00000000185a0000,0x00000000186a0000)]
  0x0000000002812800 JavaThread "Forwarding getElementAttribute on session b2cd143d-0f76-42eb-bbb2-649d96284538 to remote" [_thread_in_native, id=14300, stack(0x0000000002710000,0x0000000002810000)]

Other Threads:
  0x0000000017417000 VMThread [stack: 0x00000000184a0000,0x00000000185a0000] [id=7972]
  0x00000000174a8800 WatcherThread [stack: 0x00000000192b0000,0x00000000193b0000] [id=41672]

VM state:not at safepoint (normal execution)

VM Mutex/Monitor currently owned by a thread: None

Heap:
 PSYoungGen      total 38400K, used 35957K [0x00000000d5e00000, 0x00000000da900000, 0x0000000100000000)
  eden space 33280K, 92% used [0x00000000d5e00000,0x00000000d7c1f318,0x00000000d7e80000)
  from space 5120K, 99% used [0x00000000d7e80000,0x00000000d837e408,0x00000000d8380000)
  to   space 5120K, 0% used [0x00000000da400000,0x00000000da400000,0x00000000da900000)
 ParOldGen       total 87552K, used 859K [0x0000000081a00000, 0x0000000086f80000, 0x00000000d5e00000)
  object space 87552K, 0% used [0x0000000081a00000,0x0000000081ad6d40,0x0000000086f80000)
 Metaspace       used 14840K, capacity 15332K, committed 15488K, reserved 1062912K
  class space    used 1899K, capacity 2062K, committed 2176K, reserved 1048576K

Card table byte_map: [0x0000000011cd0000,0x00000000120d0000] byte_map_base: 0x00000000118c3000

Marking Bits: (ParMarkBitMap*) 0x000000006d0ed850
 Begin Bits: [0x0000000012780000, 0x0000000014718000)
 End Bits:   [0x0000000014718000, 0x00000000166b0000)

Polling page: 0x0000000000970000

CodeCache: size=245760Kb used=5393Kb max_used=5393Kb free=240366Kb
 bounds [0x0000000002910000, 0x0000000002e60000, 0x0000000011910000]
 total_blobs=1960 nmethods=1591 adapters=281
 compilation: enabled

Compilation events (10 events):
Event: 18.234 Thread 0x000000001746a800 nmethod 1588 0x0000000002e50710 code [0x0000000002e50860, 0x0000000002e50a50]
Event: 18.234 Thread 0x000000001746a800 1589       3       sun.util.locale.provider.LocaleProviderAdapter::getAdapter (171 bytes)
Event: 18.234 Thread 0x0000000017457800 1591       4       com.google.gson.stream.JsonWriter::string (169 bytes)
Event: 18.235 Thread 0x000000001746a800 nmethod 1589 0x0000000002e50b10 code [0x0000000002e50dc0, 0x0000000002e51f78]
Event: 18.235 Thread 0x000000001746a800 1590       3       com.google.gson.JsonPrimitive::setValue (54 bytes)
Event: 18.236 Thread 0x000000001746a800 nmethod 1590 0x0000000002e52610 code [0x0000000002e527e0, 0x0000000002e53158]
Event: 18.236 Thread 0x000000001746a800 1592   !   3       java.net.URI::encode (142 bytes)
Event: 18.240 Thread 0x000000001746a800 nmethod 1592 0x0000000002e53410 code [0x0000000002e53740, 0x0000000002e55268]
Event: 18.240 Thread 0x000000001746a800 1593       3       org.apache.http.message.AbstractHttpMessage::getFirstHeader (9 bytes)
Event: 18.240 Thread 0x000000001746a800 nmethod 1593 0x0000000002e563d0 code [0x0000000002e56540, 0x0000000002e566e8]

GC Heap History (2 events):
Event: 2.011 GC heap before
{Heap before GC invocations=1 (full 0):
 PSYoungGen      total 38400K, used 33280K [0x00000000d5e00000, 0x00000000d8880000, 0x0000000100000000)
  eden space 33280K, 100% used [0x00000000d5e00000,0x00000000d7e80000,0x00000000d7e80000)
  from space 5120K, 0% used [0x00000000d8380000,0x00000000d8380000,0x00000000d8880000)
  to   space 5120K, 0% used [0x00000000d7e80000,0x00000000d7e80000,0x00000000d8380000)
 ParOldGen       total 87552K, used 0K [0x0000000081a00000, 0x0000000086f80000, 0x00000000d5e00000)
  object space 87552K, 0% used [0x0000000081a00000,0x0000000081a00000,0x0000000086f80000)
 Metaspace       used 11070K, capacity 11356K, committed 11520K, reserved 1058816K
  class space    used 1342K, capacity 1466K, committed 1536K, reserved 1048576K
Event: 2.036 GC heap after
Heap after GC invocations=1 (full 0):
 PSYoungGen      total 38400K, used 5113K [0x00000000d5e00000, 0x00000000da900000, 0x0000000100000000)
  eden space 33280K, 0% used [0x00000000d5e00000,0x00000000d5e00000,0x00000000d7e80000)
  from space 5120K, 99% used [0x00000000d7e80000,0x00000000d837e408,0x00000000d8380000)
  to   space 5120K, 0% used [0x00000000da400000,0x00000000da400000,0x00000000da900000)
 ParOldGen       total 87552K, used 859K [0x0000000081a00000, 0x0000000086f80000, 0x00000000d5e00000)
  object space 87552K, 0% used [0x0000000081a00000,0x0000000081ad6d40,0x0000000086f80000)
 Metaspace       used 11070K, capacity 11356K, committed 11520K, reserved 1058816K
  class space    used 1342K, capacity 1466K, committed 1536K, reserved 1048576K
}

Deoptimization events (10 events):
Event: 2.163 Thread 0x0000000002812800 Uncommon trap: reason=unstable_if action=reinterpret pc=0x0000000002bcd15c method=java.lang.CharacterDataLatin1.digit(II)I @ 82
Event: 2.692 Thread 0x0000000002812800 Uncommon trap: reason=unstable_if action=reinterpret pc=0x0000000002c7ece0 method=java.util.Arrays.equals([B[B)Z @ 2
Event: 2.754 Thread 0x0000000002812800 Uncommon trap: reason=unstable_if action=reinterpret pc=0x0000000002cd6344 method=java.util.concurrent.ConcurrentHashMap.putVal(Ljava/lang/Object;Ljava/lang/Object;Z)Ljava/lang/Object; @ 98
Event: 2.762 Thread 0x0000000002812800 Uncommon trap: reason=class_check action=maybe_recompile pc=0x0000000002bf3b34 method=java.util.regex.Pattern$Curly.match(Ljava/util/regex/Matcher;ILjava/lang/CharSequence;)Z @ 19
Event: 2.762 Thread 0x0000000002812800 Uncommon trap: reason=class_check action=maybe_recompile pc=0x0000000002bf3b34 method=java.util.regex.Pattern$Curly.match(Ljava/util/regex/Matcher;ILjava/lang/CharSequence;)Z @ 19
Event: 2.762 Thread 0x0000000002812800 Uncommon trap: reason=class_check action=maybe_recompile pc=0x0000000002bf3b34 method=java.util.regex.Pattern$Curly.match(Ljava/util/regex/Matcher;ILjava/lang/CharSequence;)Z @ 19
Event: 2.770 Thread 0x0000000002812800 Uncommon trap: reason=class_check action=maybe_recompile pc=0x0000000002bf3b34 method=java.util.regex.Pattern$Curly.match(Ljava/util/regex/Matcher;ILjava/lang/CharSequence;)Z @ 19
Event: 2.823 Thread 0x0000000002812800 Uncommon trap: reason=unstable_if action=reinterpret pc=0x0000000002be0268 method=java.util.regex.Pattern$BmpCharProperty.match(Ljava/util/regex/Matcher;ILjava/lang/CharSequence;)Z @ 34
Event: 2.865 Thread 0x0000000002812800 Uncommon trap: reason=unstable_if action=reinterpret pc=0x0000000002bcb454 method=java.lang.CharacterDataLatin1.digit(II)I @ 82
Event: 4.424 Thread 0x00000000199f9800 Uncommon trap: reason=unstable_if action=reinterpret pc=0x0000000002d6a418 method=org.openqa.selenium.io.CircularOutputStream.write(I)V @ 9

Internal exceptions (10 events):
Event: 1.139 Thread 0x0000000002812800 Exception <a 'java/lang/ArrayIndexOutOfBoundsException'> (0x00000000d68f3d78) thrown at [C:\re\workspace\8-2-build-windows-amd64-cygwin\jdk8u144\9417\hotspot\src\share\vm\runtime\sharedRuntime.cpp, line 605]
Event: 1.140 Thread 0x0000000002812800 Exception <a 'java/lang/ArrayIndexOutOfBoundsException'> (0x00000000d6902b80) thrown at [C:\re\workspace\8-2-build-windows-amd64-cygwin\jdk8u144\9417\hotspot\src\share\vm\runtime\sharedRuntime.cpp, line 605]
Event: 1.268 Thread 0x0000000002812800 Exception <a 'java/lang/NoSuchFieldError': method resolution failed> (0x00000000d6d85528) thrown at [C:\re\workspace\8-2-build-windows-amd64-cygwin\jdk8u144\9417\hotspot\src\share\vm\prims\methodHandles.cpp, line 1146]
Event: 1.269 Thread 0x0000000002812800 Exception <a 'java/lang/NoSuchFieldError': method resolution failed> (0x00000000d6d92c18) thrown at [C:\re\workspace\8-2-build-windows-amd64-cygwin\jdk8u144\9417\hotspot\src\share\vm\prims\methodHandles.cpp, line 1146]
Event: 1.307 Thread 0x0000000002812800 Exception <a 'java/lang/IncompatibleClassChangeError': Found class java.lang.Object, but interface was expected> (0x00000000d6ecccb8) thrown at [C:\re\workspace\8-2-build-windows-amd64-cygwin\jdk8u144\9417\hotspot\src\share\vm\interpreter\linkResolver.cpp
Event: 1.393 Thread 0x0000000002812800 Exception <a 'java/lang/NoClassDefFoundError': org/apache/log4j/Priority> (0x00000000d70b5dd0) thrown at [C:\re\workspace\8-2-build-windows-amd64-cygwin\jdk8u144\9417\hotspot\src\share\vm\classfile\systemDictionary.cpp, line 199]
Event: 1.802 Thread 0x0000000002812800 Implicit null exception at 0x0000000002b0045b to 0x0000000002b0060d
Event: 2.694 Thread 0x0000000002812800 Exception <a 'java/lang/IncompatibleClassChangeError': Found class java.lang.Object, but interface was expected> (0x00000000d6733208) thrown at [C:\re\workspace\8-2-build-windows-amd64-cygwin\jdk8u144\9417\hotspot\src\share\vm\interpreter\linkResolver.cpp
Event: 2.697 Thread 0x0000000002812800 Exception <a 'java/lang/NoSuchMethodError': java.lang.Object.lambda$or$2(Ljava/util/function/Predicate;Ljava/lang/Object;)Z> (0x00000000d6740ff8) thrown at [C:\re\workspace\8-2-build-windows-amd64-cygwin\jdk8u144\9417\hotspot\src\share\vm\interpreter\link
Event: 9.304 Thread 0x0000000002812800 Exception <a 'java/lang/NoSuchMethodError': java.lang.Object.of(Ljava/lang/Object;)Ljava/util/stream/Stream;> (0x00000000d77e7488) thrown at [C:\re\workspace\8-2-build-windows-amd64-cygwin\jdk8u144\9417\hotspot\src\share\vm\interpreter\linkResolver.cpp, l

Events (10 events):
Event: 17.847 loading class org/openqa/selenium/support/ui/Select
Event: 17.847 loading class org/openqa/selenium/support/ui/Select done
Event: 17.865 loading class org/openqa/selenium/support/ui/ISelect
Event: 17.865 loading class org/openqa/selenium/support/ui/ISelect done
Event: 17.866 loading class org/openqa/selenium/support/ui/UnexpectedTagNameException
Event: 17.866 loading class org/openqa/selenium/support/ui/UnexpectedTagNameException done
Event: 17.867 loading class org/apache/http/client/methods/HttpGet
Event: 17.867 loading class org/apache/http/client/methods/HttpGet done
Event: 17.885 loading class org/openqa/selenium/support/ui/Quotes
Event: 17.885 loading class org/openqa/selenium/support/ui/Quotes done


Dynamic libraries:
0x00007ff7fff10000 - 0x00007ff7fff47000 	C:\FORMATION\jdk1.8.0_144\bin\javaw.exe
0x00007ffec2eb0000 - 0x00007ffec308b000 	C:\windows\SYSTEM32\ntdll.dll
0x00007ffec2630000 - 0x00007ffec26de000 	C:\windows\System32\KERNEL32.DLL
0x00007ffebf430000 - 0x00007ffebf679000 	C:\windows\System32\KERNELBASE.dll
0x00007ffec2d00000 - 0x00007ffec2da1000 	C:\windows\System32\ADVAPI32.dll
0x00007ffec2db0000 - 0x00007ffec2e4d000 	C:\windows\System32\msvcrt.dll
0x00007ffec0510000 - 0x00007ffec0569000 	C:\windows\System32\sechost.dll
0x00007ffec2bd0000 - 0x00007ffec2cf5000 	C:\windows\System32\RPCRT4.dll
0x00007ffec2a00000 - 0x00007ffec2b4a000 	C:\windows\System32\USER32.dll
0x00007ffebf940000 - 0x00007ffebf95e000 	C:\windows\System32\win32u.dll
0x00007ffec21c0000 - 0x00007ffec21e7000 	C:\windows\System32\GDI32.dll
0x00007ffec0280000 - 0x00007ffec0407000 	C:\windows\System32\gdi32full.dll
0x00007ffebf680000 - 0x00007ffebf71a000 	C:\windows\System32\msvcp_win.dll
0x00007ffec0180000 - 0x00007ffec0276000 	C:\windows\System32\ucrtbase.dll
0x00007ffeaf790000 - 0x00007ffeaf9f7000 	C:\windows\WinSxS\amd64_microsoft.windows.common-controls_6595b64144ccf1df_6.0.15063.483_none_26002d27e7c744a2\COMCTL32.dll
0x00007ffec1ec0000 - 0x00007ffec21b9000 	C:\windows\System32\combase.dll
0x00007ffebf960000 - 0x00007ffebf9ca000 	C:\windows\System32\bcryptPrimitives.dll
0x00007ffec0430000 - 0x00007ffec045d000 	C:\windows\System32\IMM32.DLL
0x000000006d170000 - 0x000000006d242000 	C:\FORMATION\jdk1.8.0_144\jre\bin\msvcr100.dll
0x000000006c8d0000 - 0x000000006d16d000 	C:\FORMATION\jdk1.8.0_144\jre\bin\server\jvm.dll
0x00007ffec29f0000 - 0x00007ffec29f8000 	C:\windows\System32\PSAPI.DLL
0x00007ffea8fe0000 - 0x00007ffea8fe9000 	C:\windows\SYSTEM32\WSOCK32.dll
0x00007ffebc5f0000 - 0x00007ffebc613000 	C:\windows\SYSTEM32\WINMM.dll
0x00007ffeb0cc0000 - 0x00007ffeb0cca000 	C:\windows\SYSTEM32\VERSION.dll
0x00007ffec0850000 - 0x00007ffec08bc000 	C:\windows\System32\WS2_32.dll
0x00007ffebc5c0000 - 0x00007ffebc5eb000 	C:\windows\SYSTEM32\winmmbase.dll
0x00007ffebf720000 - 0x00007ffebf769000 	C:\windows\System32\cfgmgr32.dll
0x000000006e6c0000 - 0x000000006e6cf000 	C:\FORMATION\jdk1.8.0_144\jre\bin\verify.dll
0x000000006e490000 - 0x000000006e4b9000 	C:\FORMATION\jdk1.8.0_144\jre\bin\java.dll
0x000000006e470000 - 0x000000006e486000 	C:\FORMATION\jdk1.8.0_144\jre\bin\zip.dll
0x00007ffec0a80000 - 0x00007ffec1eb7000 	C:\windows\System32\SHELL32.dll
0x00007ffec0460000 - 0x00007ffec050a000 	C:\windows\System32\shcore.dll
0x00007ffebf9d0000 - 0x00007ffec00c1000 	C:\windows\System32\windows.storage.dll
0x00007ffec08c0000 - 0x00007ffec0911000 	C:\windows\System32\shlwapi.dll
0x00007ffebf3b0000 - 0x00007ffebf3c1000 	C:\windows\System32\kernel.appcore.dll
0x00007ffebf360000 - 0x00007ffebf3ac000 	C:\windows\System32\powrprof.dll
0x00007ffebf340000 - 0x00007ffebf355000 	C:\windows\System32\profapi.dll
0x000000006c8b0000 - 0x000000006c8ca000 	C:\FORMATION\jdk1.8.0_144\jre\bin\net.dll
0x00007ffebec30000 - 0x00007ffebec8c000 	C:\windows\system32\mswsock.dll
0x00007ffebea10000 - 0x00007ffebeab4000 	C:\windows\SYSTEM32\DNSAPI.dll
0x00007ffec0920000 - 0x00007ffec0928000 	C:\windows\System32\NSI.dll
0x00007ffebe9d0000 - 0x00007ffebea07000 	C:\windows\SYSTEM32\IPHLPAPI.DLL
0x00007ffeaf340000 - 0x00007ffeaf34a000 	C:\Windows\System32\rasadhlp.dll
0x00007ffeb4d20000 - 0x00007ffeb4d8b000 	C:\windows\System32\fwpuclnt.dll
0x00007ffebeee0000 - 0x00007ffebef05000 	C:\windows\SYSTEM32\bcrypt.dll
0x000000006c880000 - 0x000000006c8a4000 	C:\FORMATION\jdk1.8.0_144\jre\bin\sunec.dll
0x00007ffeb95d0000 - 0x00007ffeb95e6000 	C:\windows\SYSTEM32\dhcpcsvc6.DLL
0x00007ffeb9250000 - 0x00007ffeb926a000 	C:\windows\SYSTEM32\dhcpcsvc.DLL
0x000000006c860000 - 0x000000006c871000 	C:\FORMATION\jdk1.8.0_144\jre\bin\nio.dll
0x00007ffebedd0000 - 0x00007ffebede7000 	C:\windows\SYSTEM32\CRYPTSP.dll
0x00007ffebe850000 - 0x00007ffebe884000 	C:\windows\system32\rsaenh.dll
0x00007ffebf250000 - 0x00007ffebf279000 	C:\windows\SYSTEM32\USERENV.dll
0x00007ffebedf0000 - 0x00007ffebedfb000 	C:\windows\SYSTEM32\CRYPTBASE.dll

VM Arguments:
jvm_args: -ea -Dfile.encoding=UTF-8 
java_command: org.eclipse.jdt.internal.junit.runner.RemoteTestRunner -version 3 -port 56281 -testLoaderClass org.eclipse.jdt.internal.junit4.runner.JUnit4TestLoader -loaderpluginname org.eclipse.jdt.junit4.runtime -classNames fr.eql.autom.LibrePlan.ProTa04
java_class_path (initial): C:\FORMATION\jdk1.8.0_144\jre\lib\resources.jar;C:\FORMATION\jdk1.8.0_144\jre\lib\rt.jar;C:\FORMATION\jdk1.8.0_144\jre\lib\jsse.jar;C:\FORMATION\jdk1.8.0_144\jre\lib\jce.jar;C:\FORMATION\jdk1.8.0_144\jre\lib\charsets.jar;C:\FORMATION\jdk1.8.0_144\jre\lib\jfr.jar;C:\FORMATION\jdk1.8.0_144\jre\lib\ext\access-bridge-64.jar;C:\FORMATION\jdk1.8.0_144\jre\lib\ext\cldrdata.jar;C:\FORMATION\jdk1.8.0_144\jre\lib\ext\dnsns.jar;C:\FORMATION\jdk1.8.0_144\jre\lib\ext\jaccess.jar;C:\FORMATION\jdk1.8.0_144\jre\lib\ext\jfxrt.jar;C:\FORMATION\jdk1.8.0_144\jre\lib\ext\localedata.jar;C:\FORMATION\jdk1.8.0_144\jre\lib\ext\nashorn.jar;C:\FORMATION\jdk1.8.0_144\jre\lib\ext\postgresql-42.2.1.jar;C:\FORMATION\jdk1.8.0_144\jre\lib\ext\sunec.jar;C:\FORMATION\jdk1.8.0_144\jre\lib\ext\sunjce_provider.jar;C:\FORMATION\jdk1.8.0_144\jre\lib\ext\sunmscapi.jar;C:\FORMATION\jdk1.8.0_144\jre\lib\ext\sunpkcs11.jar;C:\FORMATION\jdk1.8.0_144\jre\lib\ext\zipfs.jar;C:\Users\Formation\Desktop\PROJET 3\Livrable_projet1\LibrePlan\target\test-classes;C:\Users\Formation\Desktop\PROJET 3\Livrable_projet1\LibrePlan\target\classes;C:\Users\Formation\.m2\repository\junit\junit\4.12\junit-4.12.jar;C:\Users\Formation\.m2\repository\org\hamcrest\hamcrest-core\1.3\hamcrest-core-1.3.jar;C:\Users\Formation\.m2\repository\org\seleniumhq\selenium\selenium-java\3.8.1\selenium-java-3.8.1.jar;C:\Users\Formation\.m2\repository\org\seleniumhq\selenium\selenium-api\3.8.1\selenium-api-3.8.1.jar;C:\Users\Formation\.m2\repository\org\seleniumhq\selenium\selenium-chrome-driver\3.8.1\selenium-chrome-driver-3.8.1.jar;C:\Users\Formation\.m2\repository\org\seleniumhq\selenium\selenium-edge-driver\3.8.1\selenium-edge-driver-3.8.1.jar;C:\Users\Formation\.m2\repository\org\seleniumhq\selenium\selenium-firefox-driver\3.8.1\selenium-firefox-driver-3.8.1.jar;C:\Users\Formation\.m2\repository\org\seleniumhq\selenium\selenium-ie-driver\3.8.1\selenium-ie-driver-3.8.1.jar;C:\Users\Formation\.m2\repository\org\seleniu
Launcher Type: SUN_STANDARD

Environment Variables:
JAVA_HOME=C:\FORMATION\jdk1.7.0_80
JRE_HOME=C:\Program Files\Java\jre7
CLASSPATH=.;
PATH=C:\ProgramData\Oracle\Java\javapath;C:\windows\system32;C:\windows;C:\windows\System32\Wbem;C:\windows\System32\WindowsPowerShell\v1.0\;C:\ProgramData\chocolatey\bin;C:\FORMATION\apache-maven-3.5.0\bin;C:\FORMATION\jdk1.8.0_144\bin;C:\FORMATION\jdk1.7.0_80\bin;C:\Program Files\nodejs\;C:\Program Files\Git\cmd;C:\FORMATION\geckodriver-v0.19.1-win64\;C:\Program Files\gettext-iconv\bin;C:\Users\Formation\AppData\Local\Microsoft\WindowsApps;C:\tools\mysql\current\bin;C:\Program Files\Oracle\VirtualBox;C:\Users\Formation\AppData\Roaming\npm;C:\Users\Formation\AppData\Local\Programs\Fiddler;C:\Program Files\gettext-iconv\bin
USERNAME=Formation
OS=Windows_NT
PROCESSOR_IDENTIFIER=Intel64 Family 6 Model 142 Stepping 9, GenuineIntel



---------------  S Y S T E M  ---------------

OS: Windows 10.0 , 64 bit Build 15063 (10.0.15063.296)

CPU:total 4 (initial active 4) (2 cores per cpu, 2 threads per core) family 6 model 142 stepping 9, cmov, cx8, fxsr, mmx, sse, sse2, sse3, ssse3, sse4.1, sse4.2, popcnt, avx, avx2, aes, clmul, erms, 3dnowpref, lzcnt, ht, tsc, tscinvbit, bmi1, bmi2, adx

Memory: 4k page, physical 8280508k(2488588k free), swap 9329084k(3008k free)

vm_info: Java HotSpot(TM) 64-Bit Server VM (25.144-b01) for windows-amd64 JRE (1.8.0_144-b01), built on Jul 21 2017 21:57:33 by "java_re" with MS VC++ 10.0 (VS2010)

time: Fri Feb 23 10:48:41 2018
elapsed time: 18 seconds (0d 0h 0m 18s)

